<?xml version="1.0" encoding="UTF-8"?>
<!-- Generated by org.testng.reporters.JUnitXMLReporter -->
<testsuite hostname="HDC0005363" ignored="0" name="Different testng features test" tests="29" failures="0" timestamp="11 Jun 2018 16:17:51 GMT" time="26.449" errors="0">
  <testcase name="googleLogoTest" time="0.076" classname="com.Test.AssertionTest"/>
  <testcase name="googleTitleTest" time="0.012" classname="com.Test.AssertionTest"/>
  <testcase name="test" time="0.002" classname="com.Test.ExpectedExceptionsTest"/>
  <testcase name="sum" time="0.005" classname="com.Test.InvocationCountTest"/>
  <testcase name="sum" time="0.006" classname="com.Test.InvocationCountTest"/>
  <testcase name="sum" time="0.002" classname="com.Test.InvocationCountTest"/>
  <testcase name="sum" time="0.001" classname="com.Test.InvocationCountTest"/>
  <testcase name="sum" time="0.001" classname="com.Test.InvocationCountTest"/>
  <testcase name="sum" time="0.001" classname="com.Test.InvocationCountTest"/>
  <testcase name="sum" time="0.002" classname="com.Test.InvocationCountTest"/>
  <testcase name="sum" time="0.007" classname="com.Test.InvocationCountTest"/>
  <testcase name="sum" time="0.001" classname="com.Test.InvocationCountTest"/>
  <testcase name="sum" time="0.003" classname="com.Test.InvocationCountTest"/>
  <testcase name="sum" time="0.002" classname="com.Test.InvocationCountTest"/>
  <testcase name="sum" time="0.002" classname="com.Test.InvocationCountTest"/>
  <testcase name="sum" time="0.001" classname="com.Test.InvocationCountTest"/>
  <testcase name="sum" time="0.001" classname="com.Test.InvocationCountTest"/>
  <testcase name="sum" time="0.002" classname="com.Test.InvocationCountTest"/>
  <testcase name="sum" time="0.015" classname="com.Test.InvocationCountTest"/>
  <testcase name="sum" time="0.001" classname="com.Test.InvocationCountTest"/>
  <testcase name="sum" time="0.004" classname="com.Test.InvocationCountTest"/>
  <testcase name="sum" time="0.001" classname="com.Test.InvocationCountTest"/>
  <testcase name="sum" time="0.001" classname="com.Test.InvocationCountTest"/>
  <testcase name="login" time="0.001" classname="com.Test.TestNGFeatures"/>
  <testcase name="homePage" time="0.002" classname="com.Test.TestNGFeatures"/>
  <testcase name="searchPage" time="0.001" classname="com.Test.TestNGFeatures"/>
  <testcase name="googleTitleTest" time="0.011" classname="com.Test.GoogleTest"/>
  <testcase name="googleLogoTest" time="0.048" classname="com.Test.GoogleTest"/>
  <testcase name="googleGmailTest" time="0.049" classname="com.Test.GoogleTest"/>
</testsuite> <!-- Different testng features test -->
